C51 COMPILER V9.60.0.0   GUI                                                               03/02/2020 11:17:16 PAGE 1   


C51 COMPILER V9.60.0.0, COMPILATION OF MODULE GUI
OBJECT MODULE PLACED IN .\Objects\Gui.obj
COMPILER INVOKED BY: C:\Keil_v5\C51\BIN\C51.EXE Gui.c OPTIMIZE(0,SPEED) BROWSE DEBUG OBJECTEXTEND PRINT(.\Listings\Gui.l
                    -st) TABS(2) OBJECT(.\Objects\Gui.obj)

line level    source

   1          #include <REG51F380.H>
   2          #include <stdio.h>
   3          
   4          #define S_RECOVER 0
   5          #define S_LOCKED 1
   6          #define S_DECRYPT 2
   7          #define S_OPEN 3
   8          #define S_ENCRYPT 4
   9          #define S_FAIL 5
  10          #define S_BLOCKED 6
  11          
  12          sbit P0_7 = (P0^7);
  13          sbit P0_6 = (P0^6);
  14          sbit P2_7 = (P2^7);
  15          sbit P2_6 = (P2^6);
  16          char PB1 = 0;
  17          bit PB1b = 1;
  18          char PB2 = 0;
  19          char ASTATE = 0, NSTATE, VALIDSTATE;
  20          bit PB2b = 1;
  21          bit K_SET = 0, K_LOAD = 0, KSS, KLL, KLO;
  22          
  23          void Init_Device(void) {
  24   1          PCA0MD = 0;
  25   1          FLSCL = 0x90;
  26   1          CLKSEL = 0x03;
  27   1          XBR0 = 0x01;
  28   1          XBR1 = 0x40;
  29   1        
  30   1          SCON0 = 0x10;
  31   1          TMOD = 0x02;
  32   1          CKCON = 0x02;
  33   1          IE = 0x82;
  34   1          TH0 = 250;
  35   1          TR0 = 250;
  36   1          TI0 = 1;
  37   1      }
  38          
  39          
  40          
  41          void Timer0_Interrupt(void) interrupt 1 {
  42   1          if(P0_6 == 1 && PB1 < 127)
  43   1            PB1++;
  44   1          else if(P0_6 == 0 && PB1 > 0)
  45   1            PB1--;
  46   1          if(PB1 == 127)
  47   1            PB1b = 0;
  48   1          else if(PB1 == 0)
  49   1            PB1b = 1;
  50   1          
  51   1          if(P0_7 == 1 && PB2 < 127)
  52   1            PB2++;
  53   1          else if(P0_7 == 0 && PB2 > 0)
  54   1            PB2--;
C51 COMPILER V9.60.0.0   GUI                                                               03/02/2020 11:17:16 PAGE 2   

  55   1          if(PB2 == 127)
  56   1            PB2b = 0;
  57   1          else if(PB2 == 0)
  58   1            PB2b = 1; 
  59   1      }
  60          
  61          
  62          
  63          /*
  64          void state_state(void) {
  65            if(ASTATE != NSTATE){
  66              KLO = 1;
  67              ASTATE = NSTATE;
  68            }
  69          }
  70          */
  71          
  72          
  73          void main (void) {
  74   1          Init_Device();
  75   1          KLL = 0;
  76   1          ASTATE = VALIDSTATE;
  77   1          NSTATE = VALIDSTATE;
  78   1          while(1) {    
  79   2            //if(KLL == 1) {
  80   2              while(K_LOAD == 0 && K_SET == 0) {
  81   3                if(PB1b == 1)
  82   3                  K_LOAD = 1;
  83   3                if(PB2b == 1)
  84   3                  K_SET = 1;
  85   3              }
  86   2            //}
  87   2              /*
  88   2            else
  89   2              state_state();
  90   2            if(K_LOAD == 1)
  91   2              state_state();
  92   2            if(K_SET  == 1)
  93   2              KSS = 1;
  94   2            
  95   2            VALIDSTATE = ASTATE;
  96   2            switch(ASTATE) {
  97   2              case S_RECOVER:   //RECOVERY();
  98   2                                break;
  99   2              case S_LOCKED :   //LOCKED();
 100   2                                break;
 101   2              case S_DECRYPT :  //DECRYPT();
 102   2                                break;
 103   2              case S_OPEN :     //OPEN();
 104   2                                break;
 105   2              case S_ENCRYPT :  //ENCRYPT();
 106   2                                break;
 107   2              case S_FAIL :     //FAIL();
 108   2                                break;
 109   2              case S_BLOCKED :  //BLOCKED();
 110   2                                break;
 111   2            }
 112   2            KSS = 0;*/
 113   2            
 114   2          }
 115   1      }

C51 COMPILER V9.60.0.0   GUI                                                               03/02/2020 11:17:16 PAGE 3   


MODULE INFORMATION:   STATIC OVERLAYABLE
   CODE SIZE        =    243    ----
   CONSTANT SIZE    =   ----    ----
   XDATA SIZE       =   ----    ----
   PDATA SIZE       =   ----    ----
   DATA SIZE        =      5    ----
   IDATA SIZE       =   ----    ----
   BIT SIZE         =      7    ----
END OF MODULE INFORMATION.


C51 COMPILATION COMPLETE.  0 WARNING(S),  0 ERROR(S)
