C51 COMPILER V9.60.0.0   DEBOUNCE                                                          05/10/2020 23:17:19 PAGE 1   


C51 COMPILER V9.60.0.0, COMPILATION OF MODULE DEBOUNCE
OBJECT MODULE PLACED IN .\Objects\debounce.obj
COMPILER INVOKED BY: C:\Keil_v5\C51\BIN\C51.EXE debounce.c OPTIMIZE(0,SPEED) BROWSE DEBUG OBJECTEXTEND PRINT(.\Listings\
                    -debounce.lst) TABS(2) OBJECT(.\Objects\debounce.obj)

line level    source

   1          #pragma large
   2          #include "debounce.h"
   3          #include "uart.h"
   4          #include <REG51F380.H>
   5          
   6          #define T2_QAUNTUM 250          //tempo do timer 0
   7          #define DEBOUNCE_TIME 10        //(24000/250)
   8          
   9          bit FLOAD, FSET;
  10          bit DKLOAD,DKLOAD_LAST;
  11          bit DKSET,DKSET_LAST;
  12          
  13          virt_key_t key_set;
  14          virt_key_t key_load;
  15          
  16          unsigned char debounce_vtime = DEBOUNCE_TIME;
  17          
  18          sbit P3_7 = (P3^7);
  19          sbit P2_7 = (P2^7);
  20          sbit P3_6 = (P3^6);
  21          sbit P2_6 = (P2^6);
  22          sbit P3_0 = (P3^0);
  23          sbit P2_0 = (P2^0);
  24          sbit P0_7 = (P0^7);
  25          sbit P0_6 = (P0^6);
  26          
  27          bit first = 1;
  28          
  29          char onda [] = {128,152,176,198,217,233,245,252,255,252,245,233,217,198,176,152,128,104,80,58,39,23,11,4,1
             -,4,11,23,39,58,80,104};
  30          
  31          void Timer2 ( void ) interrupt  5{
  32   1        P2 = P0;
  33   1      }


MODULE INFORMATION:   STATIC OVERLAYABLE
   CODE SIZE        =      4    ----
   CONSTANT SIZE    =   ----    ----
   XDATA SIZE       =     37    ----
   PDATA SIZE       =   ----    ----
   DATA SIZE        =   ----    ----
   IDATA SIZE       =   ----    ----
   BIT SIZE         =      7    ----
END OF MODULE INFORMATION.


C51 COMPILATION COMPLETE.  0 WARNING(S),  0 ERROR(S)
