C51 COMPILER V9.60.0.0   MAIN                                                              05/10/2020 23:17:19 PAGE 1   


C51 COMPILER V9.60.0.0, COMPILATION OF MODULE MAIN
OBJECT MODULE PLACED IN .\Objects\main.obj
COMPILER INVOKED BY: C:\Keil_v5\C51\BIN\C51.EXE main.c OPTIMIZE(0,SPEED) BROWSE DEBUG OBJECTEXTEND PRINT(.\Listings\main
                    -.lst) TABS(2) OBJECT(.\Objects\main.obj)

line level    source

   1          #pragma large
   2          
   3          #include <REG51F380.H>
   4          #include <stdio.h>
   5          #include "debounce.h"
   6          #include "uart.h"
   7          #include "InitDev.h"
   8          
   9          
  10          sbit P3_7 = (P3^7);
  11          sbit P2_7 = (P2^7);
  12          sbit P3_6 = (P3^6);
  13          sbit P2_6 = (P2^6);
  14          sbit P3_0 = (P3^0);
  15          sbit P2_0 = (P2^0);
  16          sbit P0_7 = (P0^7);
  17          sbit P0_6 = (P0^6);
  18          
  19          void main( void ) {
  20   1          Init();
  21   1          while(1) {
  22   2            //Timer2();
  23   2            /*
  24   2            if(FLOADGet()) {
  25   2              DutyChange(-1, 1);
  26   2              FLOADSet(0);
  27   2            }
  28   2            else if(FSETGet()) {
  29   2              DutyChange(1, 1);
  30   2              FSETSet(0);
  31   2            }*/
  32   2            //P2_0 = P0_6;
  33   2            //P3_0 = P0_7;
  34   2            encode();
  35   2          }
  36   1      }


MODULE INFORMATION:   STATIC OVERLAYABLE
   CODE SIZE        =      9    ----
   CONSTANT SIZE    =   ----    ----
   XDATA SIZE       =   ----    ----
   PDATA SIZE       =   ----    ----
   DATA SIZE        =   ----    ----
   IDATA SIZE       =   ----    ----
   BIT SIZE         =   ----    ----
END OF MODULE INFORMATION.


C51 COMPILATION COMPLETE.  0 WARNING(S),  0 ERROR(S)
