C51 COMPILER V9.60.0.0   MAIN                                                              05/10/2020 22:02:35 PAGE 1   


C51 COMPILER V9.60.0.0, COMPILATION OF MODULE MAIN
OBJECT MODULE PLACED IN .\Objects\main.obj
COMPILER INVOKED BY: C:\Keil_v5\C51\BIN\C51.EXE main.c OPTIMIZE(0,SPEED) BROWSE DEBUG OBJECTEXTEND PRINT(.\Listings\main
                    -.lst) TABS(2) OBJECT(.\Objects\main.obj)

line level    source

   1          #include <REG51F380.H>
   2          
   3          #define CPS1 2
   4          
   5          void Init() {
   6   1        PCA0MD  = 0x00;
   7   1        PCA0MD = (1<<CPS1); //010
   8   1      
   9   1        FLSCL     = 0x90;
  10   1        CLKSEL    = 0x03;
  11   1      
  12   1        PCA0CPM0  = 0x42;
  13   1      
  14   1        PCA0CPL0  = 5;
  15   1        PCA0CPH0  = 5;
  16   1      
  17   1        XBR0    = 0x01;
  18   1        XBR1    = 0x41;
  19   1      
  20   1        TMOD      = 0x22;
  21   1        CKCON     = 0X0C;
  22   1        TH1       = 0x30;
  23   1        SCON0     = 0X10;
  24   1      
  25   1        EIE1      = 0x10;
  26   1        EIP1      = 0x10;
  27   1      
  28   1        TL0       = -10;
  29   1        TH0       = -10;
  30   1      
  31   1        TMR2CN  = 0x04;
  32   1        TMR2RLL = -0xFF;
  33   1        TMR2L   = -0xFF;
  34   1        TMR2RLH = -0xFF;
  35   1        TMR2H   = -0xFF;
  36   1      
  37   1        //IE      = 0xA0;
  38   1      
  39   1          IE        =   0xB0;//10110000
  40   1          TR0       =   1;
  41   1          TI0       =   1;
  42   1          TR1       =   1;
  43   1          TR2       =   1;
  44   1      
  45   1          PCA0CN    = 0x40;
  46   1          EA        = 1;
  47   1      
  48   1      }
  49          
  50          void Timer2 (void) interrupt 5 {
  51   1        P2 = P0;
  52   1      }
  53          
  54          void main() {
C51 COMPILER V9.60.0.0   MAIN                                                              05/10/2020 22:02:35 PAGE 2   

  55   1        Init();
  56   1        P2 = 255;
  57   1        while(1){}
  58   1      }


MODULE INFORMATION:   STATIC OVERLAYABLE
   CODE SIZE        =     96    ----
   CONSTANT SIZE    =   ----    ----
   XDATA SIZE       =   ----    ----
   PDATA SIZE       =   ----    ----
   DATA SIZE        =   ----    ----
   IDATA SIZE       =   ----    ----
   BIT SIZE         =   ----    ----
END OF MODULE INFORMATION.


C51 COMPILATION COMPLETE.  0 WARNING(S),  0 ERROR(S)
