C51 COMPILER V9.60.0.0   BUTTONS                                                           05/15/2020 22:25:58 PAGE 1   


C51 COMPILER V9.60.0.0, COMPILATION OF MODULE BUTTONS
OBJECT MODULE PLACED IN .\Objects\buttons.obj
COMPILER INVOKED BY: C:\Keil_v5\C51\BIN\C51.EXE buttons.c OPTIMIZE(0,SPEED) BROWSE DEBUG OBJECTEXTEND PRINT(.\Listings\b
                    -uttons.lst) TABS(2) OBJECT(.\Objects\buttons.obj)

line level    source

   1          #pragma large
   2          #include "buttons.h"
   3          #include <REG51F380.H>
   4          
   5          void Timer2 (void) interrupt 5 {
   6   1        P4 = P0;
   7   1      }


MODULE INFORMATION:   STATIC OVERLAYABLE
   CODE SIZE        =      4    ----
   CONSTANT SIZE    =   ----    ----
   XDATA SIZE       =   ----    ----
   PDATA SIZE       =   ----    ----
   DATA SIZE        =   ----    ----
   IDATA SIZE       =   ----    ----
   BIT SIZE         =   ----    ----
END OF MODULE INFORMATION.


C51 COMPILATION COMPLETE.  0 WARNING(S),  0 ERROR(S)
