C51 COMPILER V9.60.0.0   INIT                                                              05/16/2020 01:17:49 PAGE 1   


C51 COMPILER V9.60.0.0, COMPILATION OF MODULE INIT
OBJECT MODULE PLACED IN .\Objects\init.obj
COMPILER INVOKED BY: C:\Keil_v5\C51\BIN\C51.EXE init.c OPTIMIZE(0,SPEED) BROWSE DEBUG OBJECTEXTEND PRINT(.\Listings\init
                    -.lst) TABS(2) OBJECT(.\Objects\init.obj)

line level    source

   1          #include <REG51F380.H>
   2          
   3          void Init()
   4          {
   5   1        PCA0MD  = 0;
   6   1        FLSCL   = 0x90;
   7   1        CLKSEL  = 0x03;
   8   1        
   9   1        XBR0  =   0x01;
  10   1        XBR1  =   0x40;
  11   1        SCON0 =   0x10;
  12   1        TMOD  =   0x20;
  13   1        CKCON =   0x08;
  14   1        TH1   =   0x30;
  15   1        TR1   =   1;
  16   1        TI0   =   1;
  17   1      }


MODULE INFORMATION:   STATIC OVERLAYABLE
   CODE SIZE        =     32    ----
   CONSTANT SIZE    =   ----    ----
   XDATA SIZE       =   ----    ----
   PDATA SIZE       =   ----    ----
   DATA SIZE        =   ----    ----
   IDATA SIZE       =   ----    ----
   BIT SIZE         =   ----    ----
END OF MODULE INFORMATION.


C51 COMPILATION COMPLETE.  0 WARNING(S),  0 ERROR(S)
