C51 COMPILER V9.60.0.0   UART                                                              05/16/2020 01:24:28 PAGE 1   


C51 COMPILER V9.60.0.0, COMPILATION OF MODULE UART
OBJECT MODULE PLACED IN .\Objects\uart.obj
COMPILER INVOKED BY: C:\Keil_v5\C51\BIN\C51.EXE uart.c OPTIMIZE(0,SPEED) BROWSE DEBUG OBJECTEXTEND PRINT(.\Listings\uart
                    -.lst) TABS(2) OBJECT(.\Objects\uart.obj)

line level    source

   1          #include <REG51F380.H>
   2          #include "uart.h"
   3          
   4          extern update_disp;
   5          
   6          static int ler_caracter() {
   7   1          int data RET = -1;
   8   1          if (RI0 == 1) {
   9   2            RET = SBUF0;
  10   2            RI0 = 0;
  11   2          }
  12   1          return RET;
  13   1      }
  14          
  15          void print(char character) {
  16   1          SBUF0 = character;
  17   1          while(TI0 == 1)
  18   1            TI0 = 0;
  19   1      }
  20          
  21          char CheckSerial(unsigned char index) {
  22   1          int caracter = 0;
  23   1          caracter = ler_caracter();
  24   1          if(caracter != -1) {
  25   2            print(caracter);
  26   2          }
  27   1          return index;
  28   1      }


MODULE INFORMATION:   STATIC OVERLAYABLE
   CODE SIZE        =     72    ----
   CONSTANT SIZE    =   ----    ----
   XDATA SIZE       =   ----    ----
   PDATA SIZE       =   ----    ----
   DATA SIZE        =      6    ----
   IDATA SIZE       =   ----    ----
   BIT SIZE         =   ----    ----
END OF MODULE INFORMATION.


C51 COMPILATION COMPLETE.  0 WARNING(S),  0 ERROR(S)
