C51 COMPILER V9.60.0.0   GG                                                                03/17/2020 11:28:22 PAGE 1   


C51 COMPILER V9.60.0.0, COMPILATION OF MODULE GG
OBJECT MODULE PLACED IN .\Objects\gg.obj
COMPILER INVOKED BY: C:\Keil_v5\C51\BIN\C51.EXE gg.c OPTIMIZE(0,SPEED) BROWSE DEBUG OBJECTEXTEND PRINT(.\Listings\gg.lst
                    -) TABS(2) OBJECT(.\Objects\gg.obj)

line level    source

   1          #include <REG51F380.H>
   2          
   3          void Delay(int tempo) {
   4   1        
   5   1        while(tempo != 0) {
   6   2          tempo--;        //1ms
   7   2        }
   8   1      }
   9          
  10          char array[8];
  11          char i = 0;
  12          
  13          void main() {
  14   1        PCA0MD = 0;
  15   1        XBR1 = 0x40;
  16   1        while(i <= 7) {
  17   2          Delay(1000);
  18   2          array[i] = i;
  19   2          i++;
  20   2        }
  21   1      }
  22          
  23          
  24          
  25          /*
  26            indice -> arrary[indice]
  27          */


MODULE INFORMATION:   STATIC OVERLAYABLE
   CODE SIZE        =     65    ----
   CONSTANT SIZE    =   ----    ----
   XDATA SIZE       =   ----    ----
   PDATA SIZE       =   ----    ----
   DATA SIZE        =     11    ----
   IDATA SIZE       =   ----    ----
   BIT SIZE         =   ----    ----
END OF MODULE INFORMATION.


C51 COMPILATION COMPLETE.  0 WARNING(S),  0 ERROR(S)
