C51 COMPILER V9.60.0.0   BUTTONS                                                           05/11/2020 11:36:17 PAGE 1   


C51 COMPILER V9.60.0.0, COMPILATION OF MODULE BUTTONS
OBJECT MODULE PLACED IN .\Objects\buttons.obj
COMPILER INVOKED BY: C:\Keil_v5\C51\BIN\C51.EXE buttons.c OPTIMIZE(0,SPEED) BROWSE DEBUG OBJECTEXTEND PRINT(.\Listings\b
                    -uttons.lst) TABS(2) OBJECT(.\Objects\buttons.obj)

line level    source

   1          #pragma large
   2          #include "buttons.h"
   3          #include <REG51F380.H>
   4          
   5          #define T2_QAUNTUM 250          //tempo do timer 0
   6          #define DEBOUNCE_TIME 10        //(24000/250)
   7          
   8          bit FLOAD, FSET;
   9          bit DKLOAD,DKLOAD_LAST;
  10          bit DKSET,DKSET_LAST;
  11          
  12          unsigned char debounce_vtime = DEBOUNCE_TIME;
  13          
  14          //char onda [] = {128,152,176,198,217,233,245,252,255,252,245,233,217,198,176,152,128,104,80,58,39,23,11,4
             -,1,4,11,23,39,58,80,104};
  15          
  16          void Timer2 (void) interrupt 5 {
  17   1        P2 = P0;
  18   1      }


MODULE INFORMATION:   STATIC OVERLAYABLE
   CODE SIZE        =      4    ----
   CONSTANT SIZE    =   ----    ----
   XDATA SIZE       =      1    ----
   PDATA SIZE       =   ----    ----
   DATA SIZE        =   ----    ----
   IDATA SIZE       =   ----    ----
   BIT SIZE         =      6    ----
END OF MODULE INFORMATION.


C51 COMPILATION COMPLETE.  0 WARNING(S),  0 ERROR(S)
