C51 COMPILER V9.60.0.0   GU1                                                               03/09/2020 13:22:30 PAGE 1   


C51 COMPILER V9.60.0.0, COMPILATION OF MODULE GU1
OBJECT MODULE PLACED IN .\Objects\gu1.obj
COMPILER INVOKED BY: C:\Keil_v5\C51\BIN\C51.EXE gu1.c OPTIMIZE(0,SPEED) BROWSE DEBUG OBJECTEXTEND PRINT(.\Listings\gu1.l
                    -st) TABS(2) OBJECT(.\Objects\gu1.obj)

line level    source

   1          #include <REG51F380.H>
   2          #include <stdio.h>
   3          #include <SiLABS\shared\si8051Base\stdint.h>
   4          
   5          #define RI1 0
   6          #define TI1 1
   7          
   8          
   9          
  10          sbit P0_7 = (P0^7);
  11          sbit P0_6 = (P0^6);
  12          sbit P2_7 = (P2^7);
  13          sbit P2_6 = (P2^6);
  14          
  15          char PB1C = 0;
  16          bit PB1b = 1;
  17          
  18          char PB2C = 0;
  19          bit PB2b = 1;
  20          
  21          void UART_Init(){
  22   1        PCA0MD = 0;
  23   1        FLSCL  = 0x90;
  24   1        CLKSEL = 0x03;
  25   1        XBR0  = 0x01;
  26   1        XBR1  = 0x40;
  27   1        SCON0 = 0x10;
  28   1        TMOD  = 0x22;    //timer 0 com 16 bits
  29   1        TH0   = -250;    // (1000 ms / 6 pressoes ) / 40 = 4.150
  30   1        TR0   = 1 ;
  31   1                         // COMEÇAR A CONTAR O TIMER 0
  32   1        CKCON = 0x08;
  33   1        TH1   = 0x30;    // TIMER 1 COM AUTO RELOAD
  34   1        TR1   = 1;
  35   1        TI0   = 1;
  36   1        IE    = 0x82;
  37   1      }
  38          
  39          void Timer0_Interrupt(void) interrupt 1 {
  40   1          if(P0_7 == 1 && PB1C < 127)
  41   1            PB1C++;
  42   1          else if(P0_7 == 0 && PB1C > 0)
  43   1            PB1C--;
  44   1          if(PB1C == 127)
  45   1            PB1b = 1;
  46   1          else if(PB1C == 0)
  47   1            PB1b = 0;
  48   1          
  49   1          if(P0_6 == 1 && PB2C < 127)
  50   1            PB2C++;
  51   1          else if(P0_6 == 0 && PB2C > 0)
  52   1            PB2C--;
  53   1          if(PB2C == 127)
  54   1            PB2b = 1;
C51 COMPILER V9.60.0.0   GU1                                                               03/09/2020 13:22:30 PAGE 2   

  55   1          else if(PB2C == 0)
  56   1            PB2b = 0;
  57   1      }
  58          
  59          
  60          char putchar (char c)  {
  61   1        if (c == '\n')  {
  62   2          while (!(SCON1 & (1<<TI1)));
  63   2          SCON1 &= ~(1<< TI1);
  64   2          SBUF1 = 0x0d;                         /* output CR  */
  65   2        }
  66   1        while (!(SCON1 & (1<<TI1)));
  67   1        SCON1 &= ~(1<< TI1);
  68   1        return (SBUF1 = c);
  69   1      }
  70          
  71          char _getkey ()  {
  72   1        char c;
  73   1      
  74   1        if (SCON1 & (1<<RI1)) {
  75   2          c = SBUF1;
  76   2          SCON1 &= ~(1<<RI1);
  77   2        }
  78   1        return (c);
  79   1      } 
  80          
  81          unsigned char code tabela[]={0xc0,0xf9,0xa4,0xb0,0x99,0x92,0x82,0xf8,0x80,0x90,0x88,0x83,0xc6,0xa1, 0x86,0
             -x8e};
  82          
  83          void main(void)
  84          {
  85   1        char c;
  86   1        char i=0;
  87   1        UART_Init();
  88   1        
  89   1        while(1) 
  90   1        {
  91   2           P2=tabela[i];    
  92   2          
  93   2           if (PB1b==1) 
  94   2           {
  95   3             i++; 
  96   3             if(i < 10)
  97   3              printf("%c\n", i+0x30);
  98   3             else
  99   3               printf("%c\n", i - 10 + 'A');
 100   3             if(i==15) 
 101   3             { 
 102   4                i=0;
 103   4             }  
 104   3           }
 105   2           if(PB2b==1)
 106   2           {
 107   3               if(i==0)
 108   3             {
 109   4               i=15;
 110   4      
 111   4             }   
 112   3             else
 113   3             i--;
 114   3             if(i < 10)
 115   3               printf("%c\n", i+0x30);
C51 COMPILER V9.60.0.0   GU1                                                               03/09/2020 13:22:30 PAGE 3   

 116   3              else
 117   3             printf("%c\n", i - 10 + 'A');
 118   3           }
 119   2      
 120   2         c =_getkey();
 121   2        
 122   2        if((c=='i') || (c=='I'))
 123   2             i++; 
 124   2             if(i < 10)
 125   2              printf("%c\n", i+0x30);
 126   2             else
 127   2               printf("%c\n", i - 10 + 'A');
 128   2             if(i==15) 
 129   2             { 
 130   3                i=0;
 131   3             }  
 132   2           
 133   2        if((c=='d') || (c=='D'))
 134   2               if(i==0)
 135   2             {
 136   3               i=15;
 137   3      
 138   3             }   
 139   2             else
 140   2             i--;
 141   2             if(i < 10)
 142   2               printf("%c\n", i+0x30);
 143   2              else
 144   2             printf("%c\n", i - 10 + 'A');
 145   2            
 146   2        }      
 147   1      }


MODULE INFORMATION:   STATIC OVERLAYABLE
   CODE SIZE        =    615    ----
   CONSTANT SIZE    =     20    ----
   XDATA SIZE       =   ----    ----
   PDATA SIZE       =   ----    ----
   DATA SIZE        =      6    ----
   IDATA SIZE       =   ----    ----
   BIT SIZE         =      2    ----
END OF MODULE INFORMATION.


C51 COMPILATION COMPLETE.  0 WARNING(S),  0 ERROR(S)
