C51 COMPILER V9.60.0.0   GUIA2                                                             03/30/2020 14:24:28 PAGE 1   


C51 COMPILER V9.60.0.0, COMPILATION OF MODULE GUIA2
OBJECT MODULE PLACED IN .\Objects\Guia2.obj
COMPILER INVOKED BY: C:\Keil_v5\C51\BIN\C51.EXE Guia2.c OPTIMIZE(0,SPEED) BROWSE DEBUG OBJECTEXTEND PRINT(.\Listings\Gui
                    -a2.lst) TABS(2) OBJECT(.\Objects\Guia2.obj)

line level    source

   1          #include <REG51F380.H>
   2          #include "state.h"
*** WARNING C293 IN LINE 29 OF state.h: 'Astate': external '_at_' - specifier ignored
*** WARNING C293 IN LINE 30 OF state.h: 'Nstate': external '_at_' - specifier ignored
*** WARNING C293 IN LINE 31 OF state.h: 'Vstate': external '_at_' - specifier ignored
*** WARNING C293 IN LINE 32 OF state.h: 'Trys': external '_at_' - specifier ignored
*** WARNING C293 IN LINE 33 OF state.h: 'USR_KEY': external '_at_' - specifier ignored
*** WARNING C293 IN LINE 34 OF state.h: 'SEC_KEY': external '_at_' - specifier ignored
   3          
   4          void Init_Device( void )
   5          {
   6   1        PCA0MD = 0;
   7   1        FLSCL = 0x90;
   8   1        CLKSEL = 0x03;
   9   1        
  10   1        XBR0 = 0x01;
  11   1        XBR1 = 0x40;
  12   1        
  13   1        TMOD  =   TMOD  | 0x02;
  14   1        CKCON =   CKCON | 0x02;
  15   1        TH0   =   -250;
  16   1        TL0   =   -250;
  17   1        IE    = 0x82;
  18   1        TR0   =   0;
  19   1      }
  20          
  21          
  22          void Timer0 ( void ) interrupt 1 {
  23   1      
  24   1        if(Astate == OPEN) {
  25   2          count1 --;
  26   2          if (count1 == 0){
  27   3            P2_7 = !P2_7;
  28   3            count --;
  29   3            count1 = 2000;
  30   3          }
  31   2          if (count == 0){
  32   3            Nstate = ENCRYPT;
  33   3            ClicaBotoes = 0;
  34   3            TR0 = 0;
  35   3            P2_7 = 1;
  36   3          }
  37   2        } else if (Astate == FAIL) {
  38   2          count1 --;
  39   2          if (count1 == 0){
  40   3            P2_7 = !P2_7;
  41   3            count --;
  42   3            count1 = 2000;
  43   3          }
  44   2          if (count == 0){
  45   3            ClicaBotoes = 0;
  46   3            P2_7 = 1;
  47   3            TR0 = 0;
  48   3          }
C51 COMPILER V9.60.0.0   GUIA2                                                             03/30/2020 14:24:28 PAGE 2   

  49   2        }
  50   1      }
  51          
  52          void le_botoes ( void ) {
  53   1        /*
  54   1        while(!PB1b && !PB2b) {
  55   1          if(P0_7 == 1 && PB1C < 127)
  56   1            PB1C++;
  57   1          if(PB1C == 127)
  58   1            PB1b = 1;
  59   1            KLICKSet = 1;
  60   1          if(P0_6 == 1 && PB2C < 127)
  61   1            PB2C++;
  62   1          if(PB2C == 127) {
  63   1            PB2b = 1;
  64   1            KLICKLoad = 1;
  65   1          }
  66   1        }
  67   1        
  68   1        
  69   1        while(PB1b || PB2b) {
  70   1          if(P0_7 == 0 && PB1C > 0)
  71   1            PB1C--;
  72   1          if(PB1C == 0)
  73   1            PB1b = 0;
  74   1          
  75   1          if(P0_6 == 0 && PB2C > 0)
  76   1            PB2C--;
  77   1          if(PB2C == 0)
  78   1            PB2b = 0;
  79   1        }
  80   1          */
  81   1        if (P0_7 == 0) {
  82   2          KLICKLoad = 1;
  83   2          while(P0_7 == 0)
  84   2            ;
  85   2        }
  86   1        if (P0_6 == 0) {
  87   2          KLICKSet = 1;
  88   2          while(P0_6 == 0)
  89   2            ;
  90   2        }
  91   1      }
  92          
  93          
  94          
  95          void main( void ) {
  96   1        Init_Device();
  97   1        Trys = 0;
  98   1        Vstate = RECOVERY;
  99   1        Astate = Vstate;
 100   1        Nstate = Vstate;
 101   1        SEC_KEY[0] = 1;
 102   1        SEC_KEY[1] = 2;
 103   1        SEC_KEY[2] = 3;
 104   1        SEC_KEY[3] = 4;
 105   1        
 106   1        while(1) {
 107   2          KLICKLoad = 0;
 108   2          KLICKSet = 0; 
 109   2          while(!KLICKLoad && !KLICKSet && ClicaBotoes)
 110   2            le_botoes();
C51 COMPILER V9.60.0.0   GUIA2                                                             03/30/2020 14:24:28 PAGE 3   

 111   2          
 112   2          if(Astate == OPEN && (KLICKSet == 1 || KLICKLoad == 1))
 113   2            TR0 = 0;
 114   2          
 115   2          if(Astate != Nstate) {
 116   3            Astate = Nstate;
 117   3            PrimeiraVez = 1;
 118   3          }
 119   2          
 120   2          Vstate = Astate;
 121   2          P1 = Numeros [Astate];
 122   2          
 123   2          switch (Astate) {
 124   3            case RECOVERY:  F_Recover();
 125   3                            break;
 126   3            case LOCKED:    F_Locked();
 127   3                            break;
 128   3            case DECRYPT:   F_Decrypt();
 129   3                            break;
 130   3            case FAIL:      F_Fail();
 131   3                            break;
 132   3            case BLOCKED:   F_Blocked();
 133   3                            break;
 134   3            case OPEN:      F_Open();
 135   3                            break;
 136   3            case ENCRYPT:   F_Encrypt();
 137   3                            break;
 138   3          }
 139   2        }
 140   1      }


MODULE INFORMATION:   STATIC OVERLAYABLE
   CODE SIZE        =    411    ----
   CONSTANT SIZE    =     16    ----
   XDATA SIZE       =   ----    ----
   PDATA SIZE       =   ----    ----
   DATA SIZE        =      5    ----
   IDATA SIZE       =   ----    ----
   BIT SIZE         =      7    ----
END OF MODULE INFORMATION.


C51 COMPILATION COMPLETE.  6 WARNING(S),  0 ERROR(S)
