C51 COMPILER V9.60.0.0   STATE                                                             03/30/2020 14:24:28 PAGE 1   


C51 COMPILER V9.60.0.0, COMPILATION OF MODULE STATE
OBJECT MODULE PLACED IN .\Objects\state.obj
COMPILER INVOKED BY: C:\Keil_v5\C51\BIN\C51.EXE state.c OPTIMIZE(0,SPEED) BROWSE DEBUG OBJECTEXTEND PRINT(.\Listings\sta
                    -te.lst) TABS(2) OBJECT(.\Objects\state.obj)

line level    source

   1          #include <REG51F380.H>
   2          #include "state.h"
*** WARNING C293 IN LINE 29 OF state.h: 'Astate': external '_at_' - specifier ignored
*** WARNING C293 IN LINE 30 OF state.h: 'Nstate': external '_at_' - specifier ignored
*** WARNING C293 IN LINE 31 OF state.h: 'Vstate': external '_at_' - specifier ignored
*** WARNING C293 IN LINE 32 OF state.h: 'Trys': external '_at_' - specifier ignored
*** WARNING C293 IN LINE 33 OF state.h: 'USR_KEY': external '_at_' - specifier ignored
*** WARNING C293 IN LINE 34 OF state.h: 'SEC_KEY': external '_at_' - specifier ignored
   3          
   4          
   5          void Update_Disp(char t)
   6          {
   7   1        P2 = Numeros[t];
   8   1      }
   9          
  10          
  11          void F_Recover ( void ) {
  12   1        Nstate = LOCKED;
  13   1        ClicaBotoes = 0;
  14   1        Trys = 0;
  15   1      }
  16          
  17          
  18          void F_Locked( void ) {
  19   1        if (PrimeiraVez == 1) {
  20   2          Digits = 0;
  21   2          PrimeiraVez = 0;
  22   2          index = 0;
  23   2        } else if (KLICKSet == 1) {
  24   2          index ++;
  25   2        } else {
  26   2          Digits ++;
  27   2          USR_KEY[Digits - 1] = index;
  28   2          index = 0;
  29   2        }
  30   1        Update_Disp(index);
  31   1        P3 = Numeros[SEC_KEY[Digits]];
  32   1        Nstate = LOCKED;
  33   1        ClicaBotoes = 1;
  34   1        if(Digits == 4) {
  35   2          ClicaBotoes = 0; 
  36   2          Nstate = DECRYPT;
  37   2        }
  38   1      }
  39          
  40          
  41          void F_Decrypt( void ) {
  42   1        char j;
  43   1        char t = 0;
  44   1        for(j = 0 ;j < SIZE_CHAVES; j++)
  45   1          if(USR_KEY[j] != SEC_KEY[j])
  46   1            t ++; 
  47   1          
  48   1        if (t == 0){
C51 COMPILER V9.60.0.0   STATE                                                             03/30/2020 14:24:28 PAGE 2   

  49   2          VALID = 1;
  50   2          Nstate = OPEN;
  51   2        } else {
  52   2          VALID = 0;
  53   2          Nstate = FAIL;
  54   2        }
  55   1      }
  56          
  57          
  58          void F_Fail() {
  59   1        Trys ++;
  60   1        tt = 0;
  61   1        if(Trys <= TENTATIVAS_COFRE-1) {//Locked + Delay
  62   2          for (tt = 0; tt<Trys ; tt++) {
  63   3            P2 = Numeros[15];
  64   3            TR0 = 1;
  65   3            count = 10;
  66   3            count1 = 2000;
  67   3            while (TR0 == 1);
  68   3            Nstate = LOCKED;
  69   3          }
  70   2        } else {
  71   2          Nstate = BLOCKED;
  72   2        }
  73   1        ClicaBotoes = 0;    
  74   1      }
  75          
  76          
  77          void F_Blocked ( void ) {
  78   1        P2 = Numeros[11];
  79   1        P2_7 = 0;
  80   1        while(1) {
  81   2          if (P0_6 == 0 && P0_7 == 0)
  82   2            Vstate = RECOVERY;
  83   2        }
  84   1      }
  85          
  86          
  87          void F_Open( void ){
  88   1        Nstate = LOCKED;
  89   1        TR0 = 1;
  90   1        ClicaBotoes = 1;
  91   1        Trys = 0;
  92   1        P2 = 163;
  93   1        if (PrimeiraVez == 1){
  94   2          PrimeiraVez = 0;
  95   2          P2_7 = 0;
  96   2          count = 10;
  97   2          count1 = 2000;
  98   2        }
  99   1      }
 100          
 101          
 102          void F_Encrypt( void ) {
 103   1        if (PrimeiraVez == 1) {
 104   2          Digits = 0;
 105   2          PrimeiraVez = 0;
 106   2          index = 0;
 107   2        } else if (KLICKSet == 1)
 108   1          index ++;
 109   1        else {
 110   2          Digits ++;
C51 COMPILER V9.60.0.0   STATE                                                             03/30/2020 14:24:28 PAGE 3   

 111   2          USR_KEY[Digits-1] = index;
 112   2          index = 0;
 113   2        }
 114   1        P3 = Numeros[USR_KEY[Digits]];
 115   1        Update_Disp(index);
 116   1        Nstate = ENCRYPT;
 117   1        ClicaBotoes = 1;
 118   1        if (Digits == 4)
 119   1        {
 120   2          for (i = 0; i < SIZE_CHAVES; i++)
 121   2            SEC_KEY[i] = USR_KEY[i];
 122   2          Nstate = LOCKED;
 123   2        }
 124   1      }


MODULE INFORMATION:   STATIC OVERLAYABLE
   CODE SIZE        =    479    ----
   CONSTANT SIZE    =     16    ----
   XDATA SIZE       =   ----    ----
   PDATA SIZE       =   ----    ----
   DATA SIZE        =      8    ----
   IDATA SIZE       =   ----    ----
   BIT SIZE         =      7    ----
END OF MODULE INFORMATION.


C51 COMPILATION COMPLETE.  6 WARNING(S),  0 ERROR(S)
