C51 COMPILER V9.60.0.0   MM                                                                03/09/2020 14:03:20 PAGE 1   


C51 COMPILER V9.60.0.0, COMPILATION OF MODULE MM
OBJECT MODULE PLACED IN .\Objects\mm.obj
COMPILER INVOKED BY: C:\Keil_v5\C51\BIN\C51.EXE mm.c OPTIMIZE(0,SPEED) BROWSE DEBUG OBJECTEXTEND PRINT(.\Listings\mm.lst
                    -) TABS(2) OBJECT(.\Objects\mm.obj)

line level    source

   1          #include <REG51F380.H>
   2          #include <stdio.h>
   3          #define RI1 0
   4          #define TI1 1
   5          
   6          sbit P0_7 = (P0^7);
   7          sbit P0_6 = (P0^6);
   8          sbit P2_7 = (P2^7);
   9          sbit P2_6 = (P2^6);
  10          
  11          char PB1C = 0;
  12          bit PB1b = 1;
  13          
  14          char PB2C = 0;
  15          bit PB2b = 1;
  16          
  17          
  18          void UART_Init(){
  19   1        PCA0MD = 0;
  20   1        FLSCL = 0x90;
  21   1        CLKSEL = 0x03;
  22   1        
  23   1        XBR0 = 0x01;
  24   1        XBR1 = 0x40;
  25   1        SCON0 = 0x10;
  26   1        TMOD = 0x20;
  27   1        CKCON = 0x08;
  28   1        TH1 = 0x30;
  29   1        TR1 = 1;
  30   1        TI0 = 1;
  31   1        
  32   1        TMOD |= 0x02;
  33   1        CKCON |= 0x02;
  34   1        TH0 = 0xF0;
  35   1        TL0 = 0xF0;
  36   1        TR0 = 1;
  37   1        
  38   1        IE = 0x92;
  39   1      }
  40          
  41          /*
  42          char putchar (char c)  {
  43            if (c == '\n')  {
  44              while (!(SCON1 & (1<<TI1)));
  45              SCON1 &= ~(1<< TI1);
  46              SBUF1 = 0x0d;                         // output CR 
  47            }
  48            while (!(SCON1 & (1<<TI1)));
  49            SCON1 &= ~(1<< TI1);
  50            return (SBUF1 = c);
  51          }
  52          */
  53          char _getkey ()  {
  54   1        char c;
C51 COMPILER V9.60.0.0   MM                                                                03/09/2020 14:03:20 PAGE 2   

  55   1      
  56   1        if (SCON1 & (1<<RI1))
  57   1        c = SBUF1;
  58   1        
  59   1        SCON1 &= ~(1<<RI1);
  60   1        return (c);
  61   1      } 
  62          
  63          void Timer0_Interrupt(void) interrupt 1 {
  64   1          if(P0_7 == 1 && PB1C < 127)
  65   1            PB1C++;
  66   1          else if(P0_7 == 0 && PB1C > 0)
  67   1            PB1C--;
  68   1          if(PB1C == 127)
  69   1            PB1b = 1;
  70   1          else if(PB1C == 0)
  71   1            PB1b = 0;
  72   1          
  73   1          if(P0_6 == 1 && PB2C < 127)
  74   1            PB2C++;
  75   1          else if(P0_6 == 0 && PB2C > 0)
  76   1            PB2C--;
  77   1          if(PB2C == 127)
  78   1            PB2b = 1;
  79   1          else if(PB2C == 0)
  80   1            PB2b = 0;
  81   1      }
  82          
  83          
  84          unsigned char code tabela[]={0xc0,0xf9,0xa4,0xb0,0x99,0x92,0x82,0xf8,0x80,0x90,0x88,0x83,0xc6,0xa1, 0x86,0
             -x8e};
  85          
  86          void main (void) {
  87   1        char i=0, c;
  88   1          PB1C = 0;
  89   1          PB2C = 0;
  90   1          //Oscillator_Init();
  91   1          UART_Init();
  92   1          while(1)
  93   1          {   
  94   2              P2=tabela[i];   
  95   2          
  96   2               if (PB1b==1) 
  97   2               {
  98   3                 while(PB1b == 1);
  99   3                 i++; 
 100   3                 if(i < 10)
 101   3                  printf("%c\n", i+0x30);
 102   3                 else
 103   3                   printf("%c\n", i - 10 + 'A');
 104   3                 if(i==15) 
 105   3                 { 
 106   4                    i=0;
 107   4                 }  
 108   3               }
 109   2               if(PB2b==1)
 110   2               {
 111   3                 while(PB2b == 1);
 112   3                   if(i==0)
 113   3                 {
 114   4                   i=15;
 115   4      
C51 COMPILER V9.60.0.0   MM                                                                03/09/2020 14:03:20 PAGE 3   

 116   4                 }   
 117   3                 else
 118   3                 i--;
 119   3                 if(i < 10)
 120   3                   printf("%c\n", i+0x30);
 121   3                  else
 122   3                    printf("%c\n", i - 10 + 'A');
 123   3               }
 124   2      
 125   2             //c =_getkey();
 126   2            
 127   2            if((c=='i') || (c=='I'))
 128   2                 i++; 
 129   2                 if(i < 10)
 130   2                  printf("%c\n", i+0x30);
 131   2                 else
 132   2                   printf("%c\n", i - 10 + 'A');
 133   2                 if(i==15) 
 134   2                 { 
 135   3                    i=0;
 136   3                 }  
 137   2               
 138   2            if((c=='d') || (c=='D'))
 139   2                   if(i==0)
 140   2                 {
 141   3                   i=15;
 142   3      
 143   3                 }   
 144   2                 else
 145   2                 i--;
 146   2                 if(i < 10)
 147   2                   printf("%c\n", i+0x30);
 148   2                  else
 149   2                    printf("%c\n", i - 10 + 'A');
 150   2                
 151   2            }         
 152   1      }   


MODULE INFORMATION:   STATIC OVERLAYABLE
   CODE SIZE        =    600    ----
   CONSTANT SIZE    =     20    ----
   XDATA SIZE       =   ----    ----
   PDATA SIZE       =   ----    ----
   DATA SIZE        =      5    ----
   IDATA SIZE       =   ----    ----
   BIT SIZE         =      2    ----
END OF MODULE INFORMATION.


C51 COMPILATION COMPLETE.  0 WARNING(S),  0 ERROR(S)
