C51 COMPILER V9.60.0.0   GU1                                                               04/26/2020 12:15:35 PAGE 1   


C51 COMPILER V9.60.0.0, COMPILATION OF MODULE GU1
OBJECT MODULE PLACED IN .\Objects\gu1.obj
COMPILER INVOKED BY: C:\Keil_v5\C51\BIN\C51.EXE gu1.c OPTIMIZE(0,SPEED) BROWSE DEBUG OBJECTEXTEND PRINT(.\Listings\gu1.l
                    -st) TABS(2) OBJECT(.\Objects\gu1.obj)

line level    source

   1          #include <REG51F380.H>
   2          #include <stdio.h>
   3          #include <SiLABS\shared\si8051Base\stdint.h>
   4          
   5          #define RI1 0
   6          #define TI1 1
   7          #define B_SB1RUN 6
   8          #define B_SB1PS1 1
   9          #define B_SB1PS0 0
  10          #define B_TI1 1
  11          #define B_RI1 0
  12          
  13          
  14          sbit P0_7 = (P0^7);
  15          sbit P0_6 = (P0^6);
  16          sbit P2_7 = (P2^7);
  17          sbit P2_6 = (P2^6);
  18          
  19          char PB1C = 0;
  20          bit PB1b = 1;
  21          
  22          char PB2C = 0;
  23          bit PB2b = 1;
  24          
  25          void UART_Init(){
  26   1        PCA0MD = 0;
  27   1        FLSCL  = 0x90;
  28   1        CLKSEL = 0x03;
  29   1        
  30   1        XBR0  = 0x01;
  31   1        XBR1  = 0x40;
  32   1        SCON0 = 0x10;
  33   1        TMOD  = 0x22;    //timer 0 com 16 bits
  34   1        TH0   = -250;    // (1000 ms / 6 pressoes ) / 40 = 4.150
  35   1        TR0   = 1 ;
  36   1        
  37   1        P0SKIP = 0xFF;
  38   1        SBRLL1 = 0x30;
  39   1        SBRLH1 = 0xFF;
  40   1        
  41   1        SBCON1 = (1<<B_SB1PS1) |(1<<B_SB1PS0);
  42   1        SBCON1 |= (1<<B_TI1);
  43   1        SCON1 |= (1<<B_TI1);
  44   1        
  45   1      }
  46          
  47          void Timer0_Interrupt(void) interrupt 1 {
  48   1          if(P0_7 == 1 && PB1C < 127)
  49   1            PB1C++;
  50   1          else if(P0_7 == 0 && PB1C > 0)
  51   1            PB1C--;
  52   1          if(PB1C == 127)
  53   1            PB1b = 1;
  54   1          else if(PB1C == 0)
C51 COMPILER V9.60.0.0   GU1                                                               04/26/2020 12:15:35 PAGE 2   

  55   1            PB1b = 0;
  56   1          
  57   1          if(P0_6 == 1 && PB2C < 127)
  58   1            PB2C++;
  59   1          else if(P0_6 == 0 && PB2C > 0)
  60   1            PB2C--;
  61   1          if(PB2C == 127)
  62   1            PB2b = 1;
  63   1          else if(PB2C == 0)
  64   1            PB2b = 0;
  65   1      }
  66          
  67          
  68          char putchar (char c)  {
  69   1        if (c == '\n')  {
  70   2          while (!(SCON1 & (1<<TI1)));
  71   2          SCON1 &= ~(1<< TI1);
  72   2          SBUF1 = 0x0d;                         /* output CR  */
  73   2        }
  74   1        while (!(SCON1 & (1<<TI1)));
  75   1        SCON1 &= ~(1<< TI1);
  76   1        return (SBUF1 = c);
  77   1      }
  78          
  79          char _getkey ()  {
  80   1        char c;
  81   1      
  82   1        if (SCON1 & (1<<RI1)) {
  83   2          c = SBUF1;
  84   2          SCON1 &= ~(1<<RI1);
  85   2        }
  86   1        return (c);
  87   1      } 
  88          
  89          unsigned char code tabela[]={0xc0,0xf9,0xa4,0xb0,0x99,0x92,0x82,0xf8,0x80,0x90,0x88,0x83,0xc6,0xa1, 0x86,0
             -x8e};
  90          
  91          void main(void)
  92          {
  93   1        char c;
  94   1        char i=0;
  95   1        UART_Init();
  96   1        
  97   1        while(1) 
  98   1        {
  99   2           P2=tabela[i];    
 100   2          
 101   2           if (PB1b==1) 
 102   2           {
 103   3             i++; 
 104   3             if(i < 10)
 105   3              ;//printf("%c\n", i+0x30);
 106   3             else
 107   3               ;//printf("%c\n", i - 10 + 'A');
 108   3             if(i==15) 
 109   3             { 
 110   4                i=0;
 111   4             }  
 112   3           }
 113   2           if(PB2b==1)
 114   2           {
 115   3               if(i==0)
C51 COMPILER V9.60.0.0   GU1                                                               04/26/2020 12:15:35 PAGE 3   

 116   3             {
 117   4               i=15;
 118   4      
 119   4             }   
 120   3             else
 121   3             i--;
 122   3             if(i < 10)
 123   3               ;//printf("%c\n", i+0x30);
 124   3              else
 125   3              ;//printf("%c\n", i - 10 + 'A');
 126   3           }
 127   2      
 128   2         c =_getkey();
 129   2        
 130   2        if((c=='i') || (c=='I'))
 131   2             i++; 
 132   2             if(i < 10)
 133   2              ;//printf("%c\n", i+0x30);
 134   2             else
 135   2               ;//printf("%c\n", i - 10 + 'A');
 136   2             if(i==15) 
 137   2             { 
 138   3                i=0;
 139   3             }  
 140   2           
 141   2        if((c=='d') || (c=='D'))
 142   2               if(i==0)
 143   2             {
 144   3               i=15;
 145   3      
 146   3             }   
 147   2             else
 148   2             i--;
 149   2             if(i < 10)
 150   2               ;//printf("%c\n", i+0x30);
 151   2              else
 152   2             ;//printf("%c\n", i - 10 + 'A');
 153   2            
 154   2        }      
 155   1      }


MODULE INFORMATION:   STATIC OVERLAYABLE
   CODE SIZE        =    427    ----
   CONSTANT SIZE    =     16    ----
   XDATA SIZE       =   ----    ----
   PDATA SIZE       =   ----    ----
   DATA SIZE        =      6    ----
   IDATA SIZE       =   ----    ----
   BIT SIZE         =      2    ----
END OF MODULE INFORMATION.


C51 COMPILATION COMPLETE.  0 WARNING(S),  0 ERROR(S)
