C51 COMPILER V9.60.0.0   BUTTONS                                                           05/16/2020 16:44:32 PAGE 1   


C51 COMPILER V9.60.0.0, COMPILATION OF MODULE BUTTONS
OBJECT MODULE PLACED IN .\Objects\buttons.obj
COMPILER INVOKED BY: C:\Keil_v5\C51\BIN\C51.EXE buttons.c OPTIMIZE(0,SPEED) BROWSE DEBUG OBJECTEXTEND PRINT(.\Listings\b
                    -uttons.lst) TABS(2) OBJECT(.\Objects\buttons.obj)

line level    source

   1          #pragma large
   2          #include <REG51F380.H>
   3          #include "buttons.h"
   4          #include "pca.h"
   5          
   6          #define T0_QAUNTUM 250;
   7          #define DEBOUNCE_TIME (24000/250)
   8          #define RI1 0
   9          #define TI1 1
  10          
  11          bit FLOAD, FSET;
  12          bit DKLOAD,DKLOAD_LAST;
  13          bit DKSET,DKSET_LAST;
  14          
  15          virt_key_t key_set;
  16          virt_key_t key_load;
  17          
  18          unsigned char debounce_vtime;
  19          
  20          sbit P2_0 = (P2^0);
  21          sbit P2_1 = (P2^1);
  22          
  23          void Timer2 (void) interrupt 5 {
  24   1        if(debounce_vtime-- == 0){
  25   2          debounce_vtime = DEBOUNCE_TIME;
  26   2          DKSET_LAST = DKSET;
  27   2          DKSET = my_debounce(&key_set);
  28   2      
  29   2          DKLOAD_LAST = DKLOAD;
  30   2          DKLOAD = my_debounce(&key_load);
  31   2      
  32   2          if(!DKLOAD && DKLOAD_LAST)
  33   2            FLOAD = 1;
  34   2      
  35   2          if(!DKSET && DKSET_LAST)
  36   2            FSET = 1;
  37   2        }
  38   1      }
  39          
  40          bit my_debounce( virt_key_t* p_key) {
  41   1        char result;
  42   1        char pin = (P0 >> p_key->bit_offset) & 1;
  43   1      
  44   1        p_key->key_window.window <<=1;
  45   1        p_key->key_window.b[1]|=pin;
  46   1        p_key->count_ones += pin;
  47   1        result = 4 - p_key->count_ones;
  48   1        p_key->count_ones -= p_key->key_window.b[0];
  49   1        p_key->key_window.b[0]=0;
  50   1        pin = (result >>7) & 1;
  51   1      
  52   1        return (bit)pin;
  53   1      }
  54          
C51 COMPILER V9.60.0.0   BUTTONS                                                           05/16/2020 16:44:32 PAGE 2   

  55          void InitButtons() {
  56   1      
  57   1          key_set.key_window.window = 0x00ff;
  58   1          key_set.count_ones=8;
  59   1          key_set.bit_offset = 6;
  60   1      
  61   1          key_load.key_window.window = 0x00ff;
  62   1          key_load.count_ones=8;
  63   1          key_load.bit_offset = 7;
  64   1      
  65   1          DKLOAD=1;
  66   1          DKLOAD_LAST=1;
  67   1      
  68   1          DKSET = 1;
  69   1          DKSET_LAST = 1;
  70   1      }
  71          
  72          void GoButtons() {
  73   1          if(FLOAD == 1) {
  74   2            DutyChange(1, 1);
  75   2            FLOAD = 0;
  76   2          }
  77   1          if(FSET == 1) {
  78   2            DutyChange(-1, 1);
  79   2            FSET = 0;
  80   2          }
  81   1      }


MODULE INFORMATION:   STATIC OVERLAYABLE
   CODE SIZE        =    477    ----
   CONSTANT SIZE    =   ----    ----
   XDATA SIZE       =     14    ----
   PDATA SIZE       =   ----    ----
   DATA SIZE        =   ----    ----
   IDATA SIZE       =   ----    ----
   BIT SIZE         =      6    ----
END OF MODULE INFORMATION.


C51 COMPILATION COMPLETE.  0 WARNING(S),  0 ERROR(S)
