C51 COMPILER V9.60.0.0   INIT                                                              05/16/2020 16:41:38 PAGE 1   


C51 COMPILER V9.60.0.0, COMPILATION OF MODULE INIT
OBJECT MODULE PLACED IN .\Objects\init.obj
COMPILER INVOKED BY: C:\Keil_v5\C51\BIN\C51.EXE init.c OPTIMIZE(0,SPEED) BROWSE DEBUG OBJECTEXTEND PRINT(.\Listings\init
                    -.lst) TABS(2) OBJECT(.\Objects\init.obj)

line level    source

   1          #pragma large
   2          #include <REG51F380.H>
   3          #include "buttons.h"
   4          #include "uart.h"
   5          
   6          #define CPS1 2
   7          
   8          void Init()
   9          {
  10   1        PCA0MD  = 0x00;
  11   1        PCA0MD = (1<<CPS1); //010
  12   1      
  13   1        FLSCL     = 0x90;
  14   1        CLKSEL    = 0x03;
  15   1      
  16   1        PCA0CPM0  = 0x42;
  17   1      
  18   1        PCA0CPL0  = 5;
  19   1        PCA0CPH0  = 5;
  20   1      
  21   1        XBR0    = 0x01;
  22   1        XBR1    = 0x41;
  23   1      
  24   1        TMOD      = 0x22;
  25   1        CKCON     = 0X08;
  26   1        TH1       = 0x30;
  27   1        SCON0     = 0X10;
  28   1      
  29   1        EIE1      = 0x10;
  30   1        EIP1      = 0x10;
  31   1      
  32   1        TL0       = -10;
  33   1        TH0       = -10;
  34   1      
  35   1        TMR2CN  = 0x04;
  36   1        TMR2RLL = 0;
  37   1        TMR2L   = 0;
  38   1        TMR2RLH = 0;
  39   1        TMR2H   = 0;
  40   1      
  41   1        IE        =   0xA0;//1010 0000
  42   1        TR0       =   1;
  43   1        TI0       =   1;
  44   1        TR1       =   1;
  45   1        TR2       =   1;
  46   1      
  47   1        PCA0CN    = 0x40;
  48   1        EA        = 1;
  49   1      
  50   1        Reset();
  51   1        InitButtons();
  52   1      
  53   1      }

C51 COMPILER V9.60.0.0   INIT                                                              05/16/2020 16:41:38 PAGE 2   


MODULE INFORMATION:   STATIC OVERLAYABLE
   CODE SIZE        =     89    ----
   CONSTANT SIZE    =   ----    ----
   XDATA SIZE       =   ----    ----
   PDATA SIZE       =   ----    ----
   DATA SIZE        =   ----    ----
   IDATA SIZE       =   ----    ----
   BIT SIZE         =   ----    ----
END OF MODULE INFORMATION.


C51 COMPILATION COMPLETE.  0 WARNING(S),  0 ERROR(S)
