C51 COMPILER V9.60.0.0   INTERPETER                                                        05/17/2020 01:11:55 PAGE 1   


C51 COMPILER V9.60.0.0, COMPILATION OF MODULE INTERPETER
OBJECT MODULE PLACED IN .\Objects\interpeter.obj
COMPILER INVOKED BY: C:\Keil_v5\C51\BIN\C51.EXE interpeter.c OPTIMIZE(0,SPEED) BROWSE DEBUG OBJECTEXTEND PRINT(.\Listing
                    -s\interpeter.lst) TABS(2) OBJECT(.\Objects\interpeter.obj)

line level    source

   1          #pragma large
   2          #include <REG51F380.h>
   3          #include "interpeter.h"
   4          #include "uart.h"
   5          #include "pca.h"
   6          
   7          #define BUFFERSIZE 16
   8          
   9          extern char DutyCycle100;
  10          extern char UARTBuffer[BUFFERSIZE];
  11          extern bit tramaCompleta;
  12          
  13          bit StringCompare(char str1[BUFFERSIZE], char str2[BUFFERSIZE]) {
  14   1        char c = 0, i = 0;
  15   1        for (i = 0; i <= (int)(str2[1] - 47); i++)
  16   1          if (str1[i] != str2[i])
  17   1            c++;
  18   1        P2 = c;
  19   1        if (c == 0)
  20   1          return 1;
  21   1        else
  22   1          return 0;
  23   1      }
  24          
  25          bit Interpeter() {
  26   1        if (StringCompare(UARTBuffer, "T5D OFF")) {
  27   2          PCA0CN    = 0x00;
  28   2          print("PWM OFF \n", 0);
  29   2        }
  30   1        else if (StringCompare(UARTBuffer, "T4D ON")) {
  31   2          PCA0CN    = 0x40;
  32   2          print("PWM ON \n", 0);
  33   2        }
  34   1        else if (StringCompare(UARTBuffer, "T3D ?")) {
  35   2          print("\nDutyCycle: ", 0);
  36   2          print(&DutyCycle100, 1);
  37   2          print("% \n", 0);
  38   2        }
  39   1        else if (StringCompare(UARTBuffer, "T3D +")) {
  40   2          DutyCycle100++;
  41   2        }
  42   1        else if (StringCompare(UARTBuffer, "T3D -")) {
  43   2          DutyCycle100--;
  44   2        }
  45   1        else if (UARTBuffer[4] <= 57 && UARTBuffer[4] >= 48) {
  46   2          if (UARTBuffer[1] == 51)
  47   2            DutyCycle100 = (short)(UARTBuffer[4] - 48);
  48   2          else if (UARTBuffer[1] == 53)
  49   2            DutyCycle100 = 100;
  50   2          else
  51   2            DutyCycle100 = (short)(UARTBuffer[4] - 48) * 10 + (UARTBuffer[5] - 48);
  52   2        }
  53   1        tramaCompleta = 0;
  54   1        StringCompare(UARTBuffer, "T3D ?");
C51 COMPILER V9.60.0.0   INTERPETER                                                        05/17/2020 01:11:55 PAGE 2   

  55   1        Reset();
  56   1        return 1;
  57   1      }


MODULE INFORMATION:   STATIC OVERLAYABLE
   CODE SIZE        =    670    ----
   CONSTANT SIZE    =     69    ----
   XDATA SIZE       =      8    ----
   PDATA SIZE       =   ----    ----
   DATA SIZE        =   ----    ----
   IDATA SIZE       =   ----    ----
   BIT SIZE         =   ----    ----
END OF MODULE INFORMATION.


C51 COMPILATION COMPLETE.  0 WARNING(S),  0 ERROR(S)
