C51 COMPILER V9.60.0.0   MAIN                                                              05/17/2020 01:08:29 PAGE 1   


C51 COMPILER V9.60.0.0, COMPILATION OF MODULE MAIN
OBJECT MODULE PLACED IN .\Objects\main.obj
COMPILER INVOKED BY: C:\Keil_v5\C51\BIN\C51.EXE main.c OPTIMIZE(0,SPEED) BROWSE DEBUG OBJECTEXTEND PRINT(.\Listings\main
                    -.lst) TABS(2) OBJECT(.\Objects\main.obj)

line level    source

   1          #pragma large
   2          #include <REG51F380.H>
   3          #include "init.h"
   4          #include "buttons.h"
   5          #include "uart.h"
   6          #include "pca.h"
   7          #include "interpeter.h"
   8          
   9          sbit P2_7 = (P2^7);
  10          bit tramaCompleta;
  11          
  12          void Encode() {
  13   1        char a = 0;
  14   1        a = CheckSerial();
  15   1        if (a != -1) {
  16   2          P2_7 = a;
  17   2          printBuffer();
  18   2        }
  19   1        DutyCheck();
  20   1        if(tramaCompleta)
  21   1          Interpeter();
  22   1        if (a == 1)
  23   1          Reset();
  24   1      }
  25          
  26          void main() {
  27   1        Init();
  28   1        while(1) {
  29   2          GoButtons();
  30   2          Encode();
  31   2        }
  32   1      }


MODULE INFORMATION:   STATIC OVERLAYABLE
   CODE SIZE        =     87    ----
   CONSTANT SIZE    =   ----    ----
   XDATA SIZE       =      1    ----
   PDATA SIZE       =   ----    ----
   DATA SIZE        =   ----    ----
   IDATA SIZE       =   ----    ----
   BIT SIZE         =      1    ----
END OF MODULE INFORMATION.


C51 COMPILATION COMPLETE.  0 WARNING(S),  0 ERROR(S)
