C51 COMPILER V9.60.0.0   PCA                                                               05/16/2020 17:17:01 PAGE 1   


C51 COMPILER V9.60.0.0, COMPILATION OF MODULE PCA
OBJECT MODULE PLACED IN .\Objects\pca.obj
COMPILER INVOKED BY: C:\Keil_v5\C51\BIN\C51.EXE pca.c OPTIMIZE(0,SPEED) BROWSE DEBUG OBJECTEXTEND PRINT(.\Listings\pca.l
                    -st) TABS(2) OBJECT(.\Objects\pca.obj)

line level    source

   1          #pragma large
   2          #include <REG51F380.H>
   3          #include "uart.h"
   4          
   5          char DutyCycle100 = 50;
   6          char DutyCycle255 = 128;
   7          
   8          void DutyChange(signed char change, bit what) {
   9   1        DutyCycle100 = (what == 1) ? (DutyCycle100 + change) : change;
  10   1      }
  11          
  12          void DutyCheck() {
  13   1        DutyCycle100 = (DutyCycle100 > 100) ? 100 : DutyCycle100;
  14   1        DutyCycle100 = (DutyCycle100 < 0)   ? 0   : DutyCycle100;
  15   1        DutyCycle255 = (int)DutyCycle100*2.55;
  16   1        if (PCA0CPH0 != DutyCycle255) {
  17   2          PCA0CPH0 = DutyCycle255;/*
  18   2          print("\nDutyCycle: ", 0);
  19   2          print(&DutyCycle100, 1);
  20   2          print("% \n", 0);*/
  21   2        }
  22   1      }


MODULE INFORMATION:   STATIC OVERLAYABLE
   CODE SIZE        =    147    ----
   CONSTANT SIZE    =   ----    ----
   XDATA SIZE       =      3    ----
   PDATA SIZE       =   ----    ----
   DATA SIZE        =   ----    ----
   IDATA SIZE       =   ----    ----
   BIT SIZE         =      1    ----
END OF MODULE INFORMATION.


C51 COMPILATION COMPLETE.  0 WARNING(S),  0 ERROR(S)
