C51 COMPILER V9.60.0.0   JJ                                                                03/22/2020 01:35:34 PAGE 1   


C51 COMPILER V9.60.0.0, COMPILATION OF MODULE JJ
OBJECT MODULE PLACED IN .\Objects\JJ.obj
COMPILER INVOKED BY: C:\Keil_v5\C51\BIN\C51.EXE JJ.c OPTIMIZE(0,SPEED) BROWSE DEBUG OBJECTEXTEND PRINT(.\Listings\JJ.lst
                    -) TABS(2) OBJECT(.\Objects\JJ.obj)

line level    source

   1          #include <REG51F380.H>
   2          #include <stdio.h>
   3          unsigned char code array_digit[]={0xc0,0xf9,0xa4,0xb0,0x99,0x92,0x82,0xf8,0x80,0x90,0x88,0x83,0xc6,0xa1, 0
             -x86,0x8e};
   4          #define ALEN (sizeof(array_digit))
   5          
   6          #define  m_imp(x,y) P2 = x[y &(ALEN-1)]
   7          
   8          sbit P0_7 = (P0^7);
   9          sbit P0_6 = (P0^6);
  10          
  11          bit PB1b = 1;
  12          bit PB2b = 1;
  13          
  14          char caracter=0;
  15          char index=1;
  16          
  17          void Init(){
  18   1        PCA0MD = 0;
  19   1        FLSCL  = 0x90;
  20   1        CLKSEL = 0x03;
  21   1        
  22   1        XBR0  = 0x01;
  23   1        XBR1  = 0x40;
  24   1        SCON0 = 0x10;
  25   1        TMOD  = 0x22;
  26   1        TH0   = -250;
  27   1        TR0   = 1 ;
  28   1                      
  29   1        CKCON = 0x08;
  30   1        TH1   = 0x30;
  31   1        TR1   = 1;
  32   1        TI0   = 1;
  33   1        IE    = 0x82;
  34   1      }
  35          
  36          void isr_t0() interrupt 1      
  37          { 
  38   1        char PB2C = 0;
  39   1        char PB1C = 0;
  40   1        if(P0_7 == 1 && PB1C < 127)
  41   1          PB1C++;
  42   1        else if(P0_7 == 0 && PB1C > 0)
  43   1          PB1C--;
  44   1        if(PB1C == 127)
  45   1          PB1b = 0;
  46   1        else if(PB1C == 0)
  47   1          PB1b = 1;
  48   1        
  49   1        if(P0_6 == 1 && PB2C < 127)
  50   1          PB2C++;
  51   1        else if(P0_6 == 0 && PB2C > 0)
  52   1          PB2C--;
  53   1        if(PB2C == 127)
C51 COMPILER V9.60.0.0   JJ                                                                03/22/2020 01:35:34 PAGE 2   

  54   1          PB2b = 0;
  55   1        else if(PB2C == 0)
  56   1          PB2b = 1;
  57   1      }
  58          
  59          int get_char(void)
  60          {
  61   1        char ret = -1;
  62   1        if(RI0 == 1)
  63   1        {
  64   2          ret = SBUF0;
  65   2          RI0 = 0;
  66   2        }
  67   1        return ret;
  68   1      }
  69          void set_char(char index)
  70          {
  71   1        TI0 = 0;
  72   1        SBUF0 = (index & (ALEN-1));
  73   1        while(!TI0);
  74   1      }
  75          
  76          void main(void){
  77   1        Init();
  78   1        while(1) {
  79   2          
  80   2            if(PB2b) {
  81   3              while(PB2b);
  82   3              index--;
  83   3              m_imp(array_digit,index);
  84   3              set_char(index);
  85   3            }
  86   2            if (PB1b)
  87   2              {
  88   3                  while(PB1b);
  89   3                  index++;
  90   3                  m_imp(array_digit,index);
  91   3                  set_char(index);
  92   3              } 
  93   2              caracter=get_char();
  94   2              switch (caracter)
  95   2              {
  96   3                      case 'i':
  97   3                      case 'I':
  98   3                        index++;
  99   3                        m_imp(array_digit,index);
 100   3                        set_char(index);
 101   3                          break;
 102   3                      case 'd':
 103   3                      case 'D':
 104   3                        index--;
 105   3                        m_imp(array_digit,index);
 106   3                        set_char(index);
 107   3                          break;
 108   3              }
 109   2        }
 110   1      }
 111          
 112          
 113          
 114          
 115          
C51 COMPILER V9.60.0.0   JJ                                                                03/22/2020 01:35:34 PAGE 3   



MODULE INFORMATION:   STATIC OVERLAYABLE
   CODE SIZE        =    434    ----
   CONSTANT SIZE    =     16    ----
   XDATA SIZE       =   ----    ----
   PDATA SIZE       =   ----    ----
   DATA SIZE        =      6    ----
   IDATA SIZE       =   ----    ----
   BIT SIZE         =      2    ----
END OF MODULE INFORMATION.


C51 COMPILATION COMPLETE.  0 WARNING(S),  0 ERROR(S)
